<?xml version="1.0" encoding="UTF-8"?>
<!-- Generated by org.testng.reporters.JUnitXMLReporter -->
<testsuite ignored="0" hostname="LAPTOP-NN9I6P92" failures="0" tests="5" name="Default test" time="0.112" errors="0" timestamp="2022-09-23T17:03:26 IST">
  <testcase classname="Test.helperAtrribute" name="method2" time="0.017"/>
  <testcase classname="Test.helperAtrribute" name="xyzmethod" time="0.004"/>
  <testcase classname="Test.helperAtrribute" name="demomethode" time="0.004"/>
  <testcase classname="Test.helperAtrribute" name="method1" time="0.003"/>
  <testcase classname="Test.helperAtrribute" name="samplemethode" time="0.003"/>
</testsuite> <!-- Default test -->
