<?xml version="1.0" encoding="UTF-8"?>
<testng-results ignored="0" total="5" passed="5" failed="0" skipped="0">
  <reporter-output>
  </reporter-output>
  <suite started-at="2022-09-23T17:03:26 IST" name="Default suite" finished-at="2022-09-23T17:03:26 IST" duration-ms="112">
    <groups>
    </groups>
    <test started-at="2022-09-23T17:03:26 IST" name="Default test" finished-at="2022-09-23T17:03:26 IST" duration-ms="112">
      <class name="Test.helperAtrribute">
        <test-method signature="method2()[pri:-2, instance:Test.helperAtrribute@708f5957]" started-at="2022-09-23T17:03:26 IST" name="method2" finished-at="2022-09-23T17:03:26 IST" duration-ms="17" status="PASS">
          <reporter-output>
          </reporter-output>
        </test-method> <!-- method2 -->
        <test-method signature="xyzmethod()[pri:-1, instance:Test.helperAtrribute@708f5957]" started-at="2022-09-23T17:03:26 IST" name="xyzmethod" finished-at="2022-09-23T17:03:26 IST" duration-ms="4" status="PASS">
          <reporter-output>
          </reporter-output>
        </test-method> <!-- xyzmethod -->
        <test-method signature="demomethode()[pri:0, instance:Test.helperAtrribute@708f5957]" started-at="2022-09-23T17:03:26 IST" name="demomethode" description="this methode is demo methode" finished-at="2022-09-23T17:03:26 IST" duration-ms="4" status="PASS">
          <reporter-output>
          </reporter-output>
        </test-method> <!-- demomethode -->
        <test-method signature="method1()[pri:0, instance:Test.helperAtrribute@708f5957]" started-at="2022-09-23T17:03:26 IST" name="method1" finished-at="2022-09-23T17:03:26 IST" duration-ms="3" status="PASS">
          <reporter-output>
          </reporter-output>
        </test-method> <!-- method1 -->
        <test-method signature="samplemethode()[pri:0, instance:Test.helperAtrribute@708f5957]" started-at="2022-09-23T17:03:26 IST" name="samplemethode" description="this methode is sample methode" finished-at="2022-09-23T17:03:26 IST" duration-ms="3" status="PASS">
          <reporter-output>
          </reporter-output>
        </test-method> <!-- samplemethode -->
      </class> <!-- Test.helperAtrribute -->
    </test> <!-- Default test -->
  </suite> <!-- Default suite -->
</testng-results>
